<?xml version="1.0" encoding="UTF-8"?>
<!-- Generated by org.testng.reporters.JUnitReportReporter -->
<testsuite hostname="Akash-Naykude-Lenovo" failures="0" tests="1" name="Pages.DefaultApplicationHomePage" time="7.353" errors="0" timestamp="2024-03-02T15:47:20 IST" skipped="0">
  <testcase classname="Pages.DefaultApplicationHomePage" name="launchBroesrOnly" time="7.353"/>
  <system-out/>
</testsuite> <!-- Pages.DefaultApplicationHomePage -->
